c:\data\heterogen\gyakorlat\1_sse\masik_csoport\sse_lab\x64\release\vc120.pdb
c:\data\heterogen\gyakorlat\1_sse\masik_csoport\sse_lab\x64\release\main.obj
c:\data\heterogen\gyakorlat\1_sse\masik_csoport\sse_lab\x64\release\conv_filter.obj
c:\data\heterogen\sse_lab\x64\release\vc120.pdb
c:\data\heterogen\sse_lab\x64\release\main.obj
c:\data\heterogen\sse_lab\x64\release\hazi.obj
c:\data\heterogen\gyakorlat\1_sse\masik_csoport\sse_lab\x64\release\sse_lab.exe
c:\data\heterogen\gyakorlat\1_sse\masik_csoport\sse_lab\x64\release\conv_filter.asm
c:\data\heterogen\gyakorlat\1_sse\masik_csoport\sse_lab\x64\release\main.asm
c:\data\heterogen\sse_lab\x64\release\sse_lab.exe
c:\data\heterogen\sse_lab\x64\release\hazi.asm
c:\data\heterogen\sse_lab\x64\release\main.asm
c:\data\heterogen\c_optimalizalatlan\x64\release\conv_filter.obj
c:\data\heterogen\c_optimalizalatlan\x64\release\hazi.obj
c:\data\heterogen\c_optimalizalatlan\x64\release\main.obj
c:\data\heterogen\c_optimalizalatlan\x64\release\vc120.pdb
c:\data\heterogen\c_optimalizalatlan\x64/release/sse_lab.exe
c:\data\heterogen\c_optimalizalatlan\x64\release\sse_lab.tlog\cl.command.1.tlog
c:\data\heterogen\c_optimalizalatlan\x64\release\sse_lab.tlog\cl.read.1.tlog
c:\data\heterogen\c_optimalizalatlan\x64\release\sse_lab.tlog\cl.write.1.tlog
c:\data\heterogen\c_optimalizalatlan\x64\release\sse_lab.tlog\link.command.1.tlog
c:\data\heterogen\c_optimalizalatlan\x64\release\sse_lab.tlog\link.read.1.tlog
c:\data\heterogen\c_optimalizalatlan\x64\release\sse_lab.tlog\link.write.1.tlog
